#-----------------------------------------------------------
# Vivado v2019.1 (64-bit)
# SW Build 2552052 on Fri May 24 14:49:42 MDT 2019
# IP Build 2548770 on Fri May 24 18:01:18 MDT 2019
# Start of session at: Sun Jan  7 14:24:02 2024
# Process ID: 47524
# Current directory: D:/self_learning/PYNQ_Z2/prjs/ov5640_gray
# Command line: vivado.exe -gui_launcher_event rodinguilauncherevent12372 D:\self_learning\PYNQ_Z2\prjs\ov5640_gray\ov5640_gray.xpr
# Log file: D:/self_learning/PYNQ_Z2/prjs/ov5640_gray/vivado.log
# Journal file: D:/self_learning/PYNQ_Z2/prjs/ov5640_gray\vivado.jou
#-----------------------------------------------------------
start_gui
open_project D:/self_learning/PYNQ_Z2/prjs/ov5640_gray/ov5640_gray.xpr
Scanning sources...
Finished scanning sources
INFO: [IP_Flow 19-234] Refreshing IP repositories
INFO: [IP_Flow 19-1700] Loaded user IP repository 'd:/self_learning/PYNQ_Z2/prjs/ip_repo'.
INFO: [IP_Flow 19-2313] Loaded Vivado IP repository 'D:/Xilinx/Vivado/2019.1/data/ip'.
open_project: Time (s): cpu = 00:00:55 ; elapsed = 00:00:33 . Memory (MB): peak = 1009.402 ; gain = 366.551
update_compile_order -fileset sources_1
open_bd_design {D:/self_learning/PYNQ_Z2/prjs/ov5640_gray/ov5640_gray.srcs/sources_1/bd/system/system.bd}
Adding component instance block -- xilinx.com:ip:processing_system7:5.5 - processing_system7_0
Adding component instance block -- xilinx.com:ip:axi_gpio:2.0 - axi_gpio_0
Adding component instance block -- xilinx.com:ip:axi_gpio:2.0 - axi_gpio_1
Adding component instance block -- xilinx.com:ip:axi_gpio:2.0 - axi_gpio_2
Adding component instance block -- xilinx.com:ip:axi_interconnect:2.1 - ps7_0_axi_periph
Adding component instance block -- xilinx.com:ip:axi_crossbar:2.1 - xbar
Adding component instance block -- xilinx.com:ip:axi_protocol_converter:2.1 - auto_pc
Adding component instance block -- xilinx.com:ip:proc_sys_reset:5.0 - rst_ps7_0_100M
Adding component instance block -- xilinx.com:ip:axi_dma:7.1 - axi_dma_0
Adding component instance block -- xilinx.com:ip:axis_data_fifo:2.0 - axis_data_fifo_0
Adding component instance block -- xilinx.com:ip:axi_vdma:6.3 - axi_vdma_0
Adding component instance block -- xilinx.com:ip:v_tc:6.1 - v_tc_0
Adding component instance block -- xilinx.com:ip:v_axi4s_vid_out:4.0 - v_axi4s_vid_out_0
Adding component instance block -- digilentinc.com:ip:rgb2dvi:1.3 - rgb2dvi_0
Adding component instance block -- xilinx.com:ip:smartconnect:1.0 - axi_smc
Adding component instance block -- xilinx.com:ip:axi_intc:4.1 - axi_intc_0
Adding component instance block -- xilinx.com:ip:xlconstant:1.1 - xlconstant_0
Adding component instance block -- xilinx.com:ip:xlconcat:2.1 - xlconcat_0
Adding component instance block -- xilinx.com:ip:xlconstant:1.1 - xlconstant_1
Adding component instance block -- xilinx.com:ip:clk_wiz:6.0 - clk_wiz_0
Adding component instance block -- xilinx.com:ip:system_ila:1.1 - system_ila_0
Adding component instance block -- xilinx.com:ip:v_vid_in_axi4s:4.0 - v_vid_in_axi4s_0
Adding component instance block -- xilinx.com:ip:axi_iic:2.0 - axi_iic_0
Adding component instance block -- xilinx.com:ip:xlconstant:1.1 - xlconstant_2
Adding component instance block -- xilinx.com:ip:xlconstant:1.1 - xlconstant_3
Adding component instance block -- xilinx.com:ip:proc_sys_reset:5.0 - rst_system_74M
Adding component instance block -- xilinx.com:ip:system_ila:1.1 - system_ila_1
WARNING: [BD 41-1731] Type mismatch between connected pins: /axi_intc_0/irq(undef) and /processing_system7_0/IRQ_F2P(intr)
Successfully read diagram <system> from BD file <D:/self_learning/PYNQ_Z2/prjs/ov5640_gray/ov5640_gray.srcs/sources_1/bd/system/system.bd>
open_bd_design: Time (s): cpu = 00:00:19 ; elapsed = 00:00:14 . Memory (MB): peak = 1856.293 ; gain = 240.516
exit
INFO: [Common 17-206] Exiting Vivado at Sun Jan  7 22:31:41 2024...
