Copyright 1986-2019 Xilinx, Inc. All Rights Reserved.
----------------------------------------------------------------------------------------------------------------------------------------------------------------
| Tool Version     : Vivado v.2019.1 (win64) Build 2552052 Fri May 24 14:49:42 MDT 2019
| Date             : Wed Dec 27 09:15:56 2023
| Host             : LAPTOP-401N1U78 running 64-bit major release  (build 9200)
| Command          : report_power -file system_wrapper_power_routed.rpt -pb system_wrapper_power_summary_routed.pb -rpx system_wrapper_power_routed.rpx
| Design           : system_wrapper
| Device           : xc7z020clg400-1
| Design State     : routed
| Grade            : commercial
| Process          : typical
| Characterization : Production
----------------------------------------------------------------------------------------------------------------------------------------------------------------

Power Report

Table of Contents
-----------------
1. Summary
1.1 On-Chip Components
1.2 Power Supply Summary
1.3 Confidence Level
2. Settings
2.1 Environment
2.2 Clock Constraints
3. Detailed Reports
3.1 By Hierarchy

1. Summary
----------

+--------------------------+--------------+
| Total On-Chip Power (W)  | 1.851        |
| Design Power Budget (W)  | Unspecified* |
| Power Budget Margin (W)  | NA           |
| Dynamic (W)              | 1.702        |
| Device Static (W)        | 0.148        |
| Effective TJA (C/W)      | 11.5         |
| Max Ambient (C)          | 63.7         |
| Junction Temperature (C) | 46.3         |
| Confidence Level         | Low          |
| Setting File             | ---          |
| Simulation Activity File | ---          |
| Design Nets Matched      | NA           |
+--------------------------+--------------+
* Specify Design Power Budget using, set_operating_conditions -design_power_budget <value in Watts>


1.1 On-Chip Components
----------------------

+--------------------------+-----------+----------+-----------+-----------------+
| On-Chip                  | Power (W) | Used     | Available | Utilization (%) |
+--------------------------+-----------+----------+-----------+-----------------+
| Clocks                   |     0.061 |       12 |       --- |             --- |
| Slice Logic              |     0.014 |    32789 |       --- |             --- |
|   LUT as Logic           |     0.012 |    10070 |     53200 |           18.93 |
|   Register               |     0.001 |    16187 |    106400 |           15.21 |
|   CARRY4                 |    <0.001 |      382 |     13300 |            2.87 |
|   LUT as Distributed RAM |    <0.001 |      684 |     17400 |            3.93 |
|   BUFG                   |    <0.001 |        1 |        32 |            3.13 |
|   LUT as Shift Register  |    <0.001 |      638 |     17400 |            3.67 |
|   F7/F8 Muxes            |    <0.001 |       45 |     53200 |            0.08 |
|   Others                 |     0.000 |     1652 |       --- |             --- |
| Signals                  |     0.018 |    22723 |       --- |             --- |
| Block RAM                |     0.010 |       25 |       140 |           17.86 |
| MMCM                     |     0.210 |        2 |         4 |           50.00 |
| I/O                      |     0.136 |       34 |       125 |           27.20 |
| PS7                      |     1.253 |        1 |       --- |             --- |
| Static Power             |     0.148 |          |           |                 |
| Total                    |     1.851 |          |           |                 |
+--------------------------+-----------+----------+-----------+-----------------+


1.2 Power Supply Summary
------------------------

+-----------+-------------+-----------+-------------+------------+
| Source    | Voltage (V) | Total (A) | Dynamic (A) | Static (A) |
+-----------+-------------+-----------+-------------+------------+
| Vccint    |       1.000 |     0.122 |       0.105 |      0.017 |
| Vccaux    |       1.800 |     0.132 |       0.116 |      0.016 |
| Vcco33    |       3.300 |     0.042 |       0.041 |      0.001 |
| Vcco25    |       2.500 |     0.000 |       0.000 |      0.000 |
| Vcco18    |       1.800 |     0.000 |       0.000 |      0.000 |
| Vcco15    |       1.500 |     0.000 |       0.000 |      0.000 |
| Vcco135   |       1.350 |     0.000 |       0.000 |      0.000 |
| Vcco12    |       1.200 |     0.000 |       0.000 |      0.000 |
| Vccaux_io |       1.800 |     0.000 |       0.000 |      0.000 |
| Vccbram   |       1.000 |     0.003 |       0.001 |      0.003 |
| MGTAVcc   |       1.000 |     0.000 |       0.000 |      0.000 |
| MGTAVtt   |       1.200 |     0.000 |       0.000 |      0.000 |
| MGTVccaux |       1.800 |     0.000 |       0.000 |      0.000 |
| Vccpint   |       1.000 |     0.681 |       0.649 |      0.032 |
| Vccpaux   |       1.800 |     0.036 |       0.025 |      0.010 |
| Vccpll    |       1.800 |     0.017 |       0.014 |      0.003 |
| Vcco_ddr  |       1.500 |     0.354 |       0.352 |      0.002 |
| Vcco_mio0 |       1.800 |     0.004 |       0.003 |      0.001 |
| Vcco_mio1 |       1.800 |     0.000 |       0.000 |      0.000 |
| Vccadc    |       1.800 |     0.020 |       0.000 |      0.020 |
+-----------+-------------+-----------+-------------+------------+


1.3 Confidence Level
--------------------

+-----------------------------+------------+--------------------------------------------------------+------------------------------------------------------------------------------------------------------------+
| User Input Data             | Confidence | Details                                                | Action                                                                                                     |
+-----------------------------+------------+--------------------------------------------------------+------------------------------------------------------------------------------------------------------------+
| Design implementation state | High       | Design is routed                                       |                                                                                                            |
| Clock nodes activity        | High       | User specified more than 95% of clocks                 |                                                                                                            |
| I/O nodes activity          | Low        | More than 75% of inputs are missing user specification | Provide missing input activity with simulation results or by editing the "By Resource Type -> I/Os" view   |
| Internal nodes activity     | Medium     | User specified less than 25% of internal nodes         | Provide missing internal nodes activity with simulation results or by editing the "By Resource Type" views |
| Device models               | High       | Device models are Production                           |                                                                                                            |
|                             |            |                                                        |                                                                                                            |
| Overall confidence level    | Low        |                                                        |                                                                                                            |
+-----------------------------+------------+--------------------------------------------------------+------------------------------------------------------------------------------------------------------------+


2. Settings
-----------

2.1 Environment
---------------

+-----------------------+------------------------+
| Ambient Temp (C)      | 25.0                   |
| ThetaJA (C/W)         | 11.5                   |
| Airflow (LFM)         | 250                    |
| Heat Sink             | none                   |
| ThetaSA (C/W)         | 0.0                    |
| Board Selection       | medium (10"x10")       |
| # of Board Layers     | 8to11 (8 to 11 Layers) |
| Board Temperature (C) | 25.0                   |
+-----------------------+------------------------+


2.2 Clock Constraints
---------------------

+--------------------------------------------------------------------------------------------+----------------------------------------------------------------------+-----------------+
| Clock                                                                                      | Domain                                                               | Constraint (ns) |
+--------------------------------------------------------------------------------------------+----------------------------------------------------------------------+-----------------+
| CLKFBIN                                                                                    | system_i/rgb2dvi_0/U0/ClockGenInternal.ClockGenX/CLKFBIN             |            13.5 |
| PixelClkIO                                                                                 | system_i/rgb2dvi_0/U0/ClockGenInternal.ClockGenX/PixelClk            |            13.5 |
| SerialClkIO                                                                                | system_i/rgb2dvi_0/U0/ClockGenInternal.ClockGenX/SerialClk           |             2.7 |
| clk_fpga_0                                                                                 | system_i/processing_system7_0/inst/FCLK_CLK0                         |            10.0 |
| clk_fpga_0                                                                                 | system_i/processing_system7_0/inst/FCLK_CLK_unbuffered[0]            |            10.0 |
| clk_fpga_1                                                                                 | system_i/processing_system7_0/inst/FCLK_CLK1                         |            41.7 |
| clk_out1_system_clk_wiz_0_0                                                                | system_i/clk_wiz_0/inst/clk_out1_system_clk_wiz_0_0                  |            13.5 |
| clkfbout_system_clk_wiz_0_0                                                                | system_i/clk_wiz_0/inst/clkfbout_system_clk_wiz_0_0                  |            40.0 |
| dbg_hub/inst/BSCANID.u_xsdbm_id/SWITCH_N_EXT_BSCAN.bscan_inst/SERIES7_BSCAN.bscan_inst/TCK | dbg_hub/inst/BSCANID.u_xsdbm_id/SWITCH_N_EXT_BSCAN.bscan_inst/tck_bs |            33.0 |
+--------------------------------------------------------------------------------------------+----------------------------------------------------------------------+-----------------+


3. Detailed Reports
-------------------

3.1 By Hierarchy
----------------

+--------------------------+-----------+
| Name                     | Power (W) |
+--------------------------+-----------+
| system_wrapper           |     1.702 |
|   dbg_hub                |     0.003 |
|     inst                 |     0.003 |
|       BSCANID.u_xsdbm_id |     0.003 |
|   system_i               |     1.695 |
|     axi_dma_0            |     0.008 |
|       U0                 |     0.008 |
|     axi_iic_0            |     0.002 |
|       U0                 |     0.002 |
|     axi_smc              |     0.031 |
|       inst               |     0.031 |
|     axi_vdma_0           |     0.020 |
|       U0                 |     0.020 |
|     clk_wiz_0            |     0.117 |
|       inst               |     0.117 |
|     processing_system7_0 |     1.255 |
|       inst               |     1.255 |
|     ps7_0_axi_periph     |     0.005 |
|       s00_couplers       |     0.004 |
|       xbar               |     0.001 |
|     rgb2dvi_0            |     0.230 |
|       U0                 |     0.230 |
|     system_ila_0         |     0.011 |
|       inst               |     0.011 |
|     system_ila_1         |     0.008 |
|       inst               |     0.008 |
|     v_axi4s_vid_out_0    |     0.002 |
|       inst               |     0.002 |
|     v_vid_in_axi4s_0     |     0.004 |
|       inst               |     0.004 |
+--------------------------+-----------+


